<?xml version="1.0" encoding="UTF-8"?>
<!-- Generated by org.testng.reporters.JUnitReportReporter -->
<testsuite hostname="alonso" failures="0" tests="3" name="MinesweeperTest" time="0.060" errors="0" timestamp="2020-09-12T19:59:53 PET" skipped="0">
  <testcase classname="MinesweeperTest" name="testCase0" time="0.030"/>
  <testcase classname="MinesweeperTest" name="testCase1" time="0.028"/>
  <testcase classname="MinesweeperTest" name="testCase2" time="0.002"/>
</testsuite> <!-- MinesweeperTest -->
