<?xml version="1.0" encoding="UTF-8"?>
<!-- Generated by org.testng.reporters.JUnitReportReporter -->
<testsuite hostname="msi" failures="0" tests="2" name="MinesweeperTest" time="0.103" errors="0" timestamp="2020-09-12T12:09:32 PET" skipped="0">
  <testcase classname="MinesweeperTest" name="testCase0" time="0.052"/>
  <testcase classname="MinesweeperTest" name="testCase1" time="0.051"/>
</testsuite> <!-- MinesweeperTest -->
