<?xml version="1.0" encoding="UTF-8"?>
<!-- Generated by org.testng.reporters.JUnitReportReporter -->
<testsuite hostname="christian-System" failures="0" tests="3" name="MinesweeperTest" time="0.039" errors="0" timestamp="2020-09-12T13:07:40 PET" skipped="0">
  <testcase classname="MinesweeperTest" name="testCase2" time="0.002"/>
  <testcase classname="MinesweeperTest" name="testCase0" time="0.017"/>
  <testcase classname="MinesweeperTest" name="testCase1" time="0.020"/>
</testsuite> <!-- MinesweeperTest -->
